<?xml version="1.0" encoding="UTF-8"?>
<!-- Generated by org.testng.reporters.JUnitReportReporter -->
<testsuite hostname="Rajkumars-MacBook-Pro.local" failures="0" tests="1" name="com.rk.scripts.TC01" time="18.340" errors="0" timestamp="2021-04-22T17:15:07 PDT" skipped="0">
  <testcase classname="com.rk.scripts.TC01" name="Login_Logout_Amazon" time="18.340"/>
  <system-out/>
</testsuite> <!-- com.rk.scripts.TC01 -->
