<?xml version="1.0" encoding="UTF-8"?>
<!-- Generated by org.testng.reporters.JUnitReportReporter -->
<testsuite hostname="Rajkumars-MacBook-Pro.local" failures="0" tests="1" name="com.rk.scripts.TC06_PUT_Request" time="1.989" errors="0" timestamp="2021-04-26T09:03:48 PDT" skipped="0">
  <testcase classname="com.rk.scripts.TC06_PUT_Request" name="test1" time="1.989"/>
  <system-out/>
</testsuite> <!-- com.rk.scripts.TC06_PUT_Request -->
