<?xml version="1.0" encoding="UTF-8"?>
<!-- Generated by org.testng.reporters.JUnitReportReporter -->
<testsuite hostname="Rajkumars-MacBook-Pro.local" failures="0" tests="1" name="com.rk.scripts.TC03_GET_Request" time="2.292" errors="0" timestamp="2021-04-25T22:30:11 PDT" skipped="0">
  <testcase classname="com.rk.scripts.TC03_GET_Request" name="getEmployeeDetails" time="2.292"/>
  <system-out/>
</testsuite> <!-- com.rk.scripts.TC03_GET_Request -->
