<?xml version="1.0" encoding="UTF-8"?>
<!-- Generated by org.testng.reporters.JUnitReportReporter -->
<testsuite hostname="Rajkumars-MacBook-Pro.local" failures="0" tests="1" name="config.StartBrowser" time="0.350" errors="0" timestamp="2021-04-06T11:38:03 PDT" skipped="0">
  <testcase classname="config.StartBrowser" name="qpp" time="0.350"/>
  <system-out/>
</testsuite> <!-- config.StartBrowser -->
