<?xml version="1.0" encoding="UTF-8"?>
<!-- Generated by org.testng.reporters.JUnitReportReporter -->
<testsuite hostname="Rajkumars-MacBook-Pro.local" failures="0" tests="1" name="com.rk.scripts.TC04_DELETE_Request" time="1.819" errors="0" timestamp="2021-04-25T23:29:50 PDT" skipped="0">
  <testcase classname="com.rk.scripts.TC04_DELETE_Request" name="test1" time="1.819"/>
  <system-out/>
</testsuite> <!-- com.rk.scripts.TC04_DELETE_Request -->
